<?xml version="1.0" encoding="UTF-8"?>
<!-- Generated by org.testng.reporters.JUnitReportReporter -->
<testsuite skipped="0" hostname="MOHANAP14241LX" name="appium.android.App" tests="1" failures="0" timestamp="23 Aug 2019 13:20:11 GMT" time="68.972" errors="0">
  <testcase name="signInPageValidation" time="68.972" classname="appium.android.App"/>
</testsuite> <!-- appium.android.App -->
